[debug] [2026-05-29T17:07:49.161Z] ----------------------------------------------------------------------
[debug] [2026-05-29T17:07:49.163Z] Command:       C:\Program Files\nodejs\node.exe C:\Users\PC\AppData\Roaming\npm\node_modules\firebase-tools\lib\bin\firebase.js --project projetoafiliado-9ff07 deploy --only functions
[debug] [2026-05-29T17:07:49.163Z] CLI Version:   15.19.0
[debug] [2026-05-29T17:07:49.163Z] Platform:      win32
[debug] [2026-05-29T17:07:49.163Z] Node Version:  v22.17.0
[debug] [2026-05-29T17:07:49.164Z] Time:          Fri May 29 2026 14:07:49 GMT-0300 (Horário Padrão de Brasília)
[debug] [2026-05-29T17:07:49.164Z] ----------------------------------------------------------------------
[debug] 
[debug] [2026-05-29T17:07:52.669Z] > command requires scopes: ["email","openid","https://www.googleapis.com/auth/cloudplatformprojects.readonly","https://www.googleapis.com/auth/firebase","https://www.googleapis.com/auth/cloud-platform"]
[debug] [2026-05-29T17:07:52.670Z] > authorizing via signed-in user (gorilaalbino1996@gmail.com)
[debug] [2026-05-29T17:07:52.670Z] [iam] checking project projetoafiliado-9ff07 for permissions ["cloudfunctions.functions.create","cloudfunctions.functions.delete","cloudfunctions.functions.get","cloudfunctions.functions.list","cloudfunctions.functions.update","cloudfunctions.operations.get","firebase.projects.get"]
[debug] [2026-05-29T17:07:52.673Z] Checked if tokens are valid: false, expires at: 1780075145257
[debug] [2026-05-29T17:07:52.673Z] Checked if tokens are valid: false, expires at: 1780075145257
[debug] [2026-05-29T17:07:52.674Z] > refreshing access token with scopes: []
[debug] [2026-05-29T17:07:52.676Z] >>> [apiv2][query] POST https://www.googleapis.com/oauth2/v3/token [none]
[debug] [2026-05-29T17:07:52.676Z] >>> [apiv2][body] POST https://www.googleapis.com/oauth2/v3/token [omitted]
[debug] [2026-05-29T17:07:53.086Z] <<< [apiv2][status] POST https://www.googleapis.com/oauth2/v3/token 200
[debug] [2026-05-29T17:07:53.087Z] <<< [apiv2][body] POST https://www.googleapis.com/oauth2/v3/token [omitted]
[error] Authentication Error: Your credentials are no longer valid. Please run firebase login --reauth

For CI servers and headless environments, generate a new token with firebase login:ci
[debug] [2026-05-29T17:07:53.102Z] [iam] error while checking permissions, command may fail: Authentication Error: Your credentials are no longer valid. Please run firebase login --reauth

For CI servers and headless environments, generate a new token with firebase login:ci
[debug] [2026-05-29T17:07:53.103Z] Checked if tokens are valid: true, expires at: 1780078072087
[debug] [2026-05-29T17:07:53.103Z] Checked if tokens are valid: true, expires at: 1780078072087
[debug] [2026-05-29T17:07:53.104Z] >>> [apiv2][query] POST https://iam.googleapis.com/v1/projects/projetoafiliado-9ff07/serviceAccounts/projetoafiliado-9ff07@appspot.gserviceaccount.com:testIamPermissions [none]
[debug] [2026-05-29T17:07:53.104Z] >>> [apiv2][body] POST https://iam.googleapis.com/v1/projects/projetoafiliado-9ff07/serviceAccounts/projetoafiliado-9ff07@appspot.gserviceaccount.com:testIamPermissions {"permissions":["iam.serviceAccounts.actAs"]}
[debug] [2026-05-29T17:07:54.316Z] <<< [apiv2][status] POST https://iam.googleapis.com/v1/projects/projetoafiliado-9ff07/serviceAccounts/projetoafiliado-9ff07@appspot.gserviceaccount.com:testIamPermissions 200
[debug] [2026-05-29T17:07:54.316Z] <<< [apiv2][body] POST https://iam.googleapis.com/v1/projects/projetoafiliado-9ff07/serviceAccounts/projetoafiliado-9ff07@appspot.gserviceaccount.com:testIamPermissions {"permissions":["iam.serviceAccounts.actAs"]}
[info] 
[info] === Deploying to 'projetoafiliado-9ff07'...
[info] 
[info] i  deploying functions 
[debug] [2026-05-29T17:07:54.322Z] Checked if tokens are valid: true, expires at: 1780078072087
[debug] [2026-05-29T17:07:54.323Z] Checked if tokens are valid: true, expires at: 1780078072087
[debug] [2026-05-29T17:07:54.324Z] >>> [apiv2][query] GET https://cloudresourcemanager.googleapis.com/v1/projects/projetoafiliado-9ff07 [none]
[debug] [2026-05-29T17:07:55.471Z] <<< [apiv2][status] GET https://cloudresourcemanager.googleapis.com/v1/projects/projetoafiliado-9ff07 200
[debug] [2026-05-29T17:07:55.471Z] <<< [apiv2][body] GET https://cloudresourcemanager.googleapis.com/v1/projects/projetoafiliado-9ff07 {"projectNumber":"977662411284","projectId":"projetoafiliado-9ff07","lifecycleState":"ACTIVE","name":"Projetoafiliado","labels":{"firebase":"enabled","firebase-core":"disabled"},"createTime":"2026-05-26T22:33:41.002Z"}
[info] i  functions: preparing codebase default for deployment 
[info] i  functions: ensuring required API cloudfunctions.googleapis.com is enabled... 
[info] i  functions: ensuring required API cloudbuild.googleapis.com is enabled... 
[info] i  artifactregistry: ensuring required API artifactregistry.googleapis.com is enabled... 
[debug] [2026-05-29T17:07:55.473Z] Checked if tokens are valid: true, expires at: 1780078072087
[debug] [2026-05-29T17:07:55.474Z] Checked if tokens are valid: true, expires at: 1780078072087
[debug] [2026-05-29T17:07:55.474Z] >>> [apiv2][query] GET https://firebase.googleapis.com/v1beta1/projects/projetoafiliado-9ff07/adminSdkConfig [none]
[debug] [2026-05-29T17:07:56.131Z] <<< [apiv2][status] GET https://firebase.googleapis.com/v1beta1/projects/projetoafiliado-9ff07/adminSdkConfig 200
[debug] [2026-05-29T17:07:56.131Z] <<< [apiv2][body] GET https://firebase.googleapis.com/v1beta1/projects/projetoafiliado-9ff07/adminSdkConfig {"projectId":"projetoafiliado-9ff07","storageBucket":"projetoafiliado-9ff07.firebasestorage.app"}
[debug] [2026-05-29T17:07:56.131Z] Checked if tokens are valid: true, expires at: 1780078072087
[debug] [2026-05-29T17:07:56.131Z] Checked if tokens are valid: true, expires at: 1780078072087
[debug] [2026-05-29T17:07:56.131Z] >>> [apiv2][query] GET https://runtimeconfig.googleapis.com/v1beta1/projects/projetoafiliado-9ff07/configs [none]
[debug] [2026-05-29T17:07:56.773Z] <<< [apiv2][status] GET https://runtimeconfig.googleapis.com/v1beta1/projects/projetoafiliado-9ff07/configs 200
[debug] [2026-05-29T17:07:56.773Z] <<< [apiv2][body] GET https://runtimeconfig.googleapis.com/v1beta1/projects/projetoafiliado-9ff07/configs {}
[debug] [2026-05-29T17:07:56.775Z] Validating nodejs source
[warn] !  functions: Runtime Node.js 20 was deprecated on 2026-04-30 and will be decommissioned on 2026-10-30, after which you will not be able to deploy without upgrading. Consider upgrading now to avoid disruption. See https://cloud.google.com/functions/docs/runtime-support for full details on the lifecycle policy 
[warn] !  functions: package.json indicates an outdated version of firebase-functions. Please upgrade using npm install --save firebase-functions@latest in your functions directory. 
[warn] !  functions: Please note that there will be breaking changes when you upgrade. 
[debug] [2026-05-29T17:07:58.206Z] > [functions] package.json contents: {
  "name": "afiliadoteste-functions",
  "private": true,
  "main": "index.js",
  "engines": {
    "node": "20"
  },
  "dependencies": {
    "affiliatehub-pro": "file:..",
    "firebase-admin": "^12.7.0",
    "firebase-functions": "^4.7.0"
  }
}
[debug] [2026-05-29T17:07:58.206Z] Building nodejs source
[info] i  functions: Loading and analyzing source code for codebase default to determine what to deploy 
[info] i  functions: You are using a version of firebase-functions SDK (4.9.0) that does not have support for the newest Firebase Extensions features. Please update firebase-functions SDK to >=5.1.0 to use them correctly 
[debug] [2026-05-29T17:07:58.208Z] Could not find functions.yaml. Must use http discovery
[debug] [2026-05-29T17:07:58.227Z] Found firebase-functions binary at 'C:\Users\PC\Desktop\Afiliadoteste-main\functions\node_modules\.bin\firebase-functions'
